<?xml version="1.0" encoding="UTF-8"?>
<testsuites name="TS" time="88" tests="4" failures="1" errors="0">
   <testsuite name="TS" tests="4" failures="1" errors="0" time="88" timestamp="2018-10-27 15:54:06" hostname="urayamakazuaki - 10.0.1.4" id="Test Suites/TS">
      <properties>
         <property name="deviceName" value=""/>
         <property name="devicePlatform" value=""/>
         <property name="logFolder" value="/Users/urayamakazuaki/katalon-workspace/Verifying_ImagesAreSimilar_and_ImagesAreDifferent/Reports/TS/20181027_155402"/>
         <property name="logFiles" value="/Users/urayamakazuaki/katalon-workspace/Verifying_ImagesAreSimilar_and_ImagesAreDifferent/Reports/TS/20181027_155402/execution0.log"/>
         <property name="attachments" value=""/>
         <property name="hostName" value="urayamakazuaki - 10.0.1.4"/>
         <property name="os" value="Mac OS X 64bit"/>
         <property name="katalonVersion" value="5.7.1.1"/>
         <property name="browser" value="Firefox 62.0"/>
         <property name="hostAddress" value="10.0.1.4"/>
         <property name="sessionId" value="66cb00cc-3b6b-9f4a-ba6b-430a31881e45"/>
         <property name="seleniumVersion" value="3.7.1"/>
         <property name="proxyInformation" value="ProxyInformation{proxyOption=NO_PROXY, proxyServerType=HTTP, password=, proxyServerAddress=, proxyServerPort=0}"/>
         <property name="platform" value="Mac OS X"/>
      </properties>
      <testcase name="Test Cases/TC0_save_image_from_page_to_file" classname="Test Cases/TC0_save_image_from_page_to_file" status="PASSED">
         <system-out><![CDATA[2018-10-27 15:54:06 - [TEST_CASE][PASSED] - Test Cases/TC0_save_image_from_page_to_file: Test Cases/TC0_save_image_from_page_to_file

2018-10-27 15:54:07 - [TEST_STEP][PASSED] - Statement - tmpDir = java.nio.file.Paths.get(com.kms.katalon.core.configuration.RunConfiguration.getProjectDir(), "tmp"): null

2018-10-27 15:54:07 - [TEST_STEP][PASSED] - Statement - java.nio.file.Files.createDirectories(tmpDir): null

2018-10-27 15:54:07 - [TEST_STEP][PASSED] - Statement - imageFile = tmpDir.resolve("kazurayam.png").toFile(): null

2018-10-27 15:54:07 - [TEST_STEP][PASSED] - openBrowser: Browser is opened with url: ''

2018-10-27 15:54:16 - [MESSAGE][PASSED] - Browser is opened with url: ''

2018-10-27 15:54:16 - [TEST_STEP][PASSED] - navigateToUrl: Navigate to 'https://forum.katalon.com/discussion/9799/visual-testing-in-katalon-studio' successfully

2018-10-27 15:54:24 - [MESSAGE][PASSED] - Navigate to 'https://forum.katalon.com/discussion/9799/visual-testing-in-katalon-studio' successfully

2018-10-27 15:54:24 - [TEST_STEP][PASSED] - Statement - testObject = com.kms.katalon.core.testobject.ObjectRepository.findTestObject(Object Repository/Page_Katalon Discussion/img_Originator): Finding Test Object with id 'Object Repository/Page_Katalon Discussion/img_Originator'

2018-10-27 15:54:24 - [TEST_STEP][PASSED] - verifyElementPresent: Object 'Object Repository/Page_Katalon Discussion/img_Originator' is present

2018-10-27 15:54:24 - [MESSAGE][PASSED] - Object 'Object Repository/Page_Katalon Discussion/img_Originator' is present

2018-10-27 15:54:24 - [TEST_STEP][PASSED] - com.kazurayam.ksbackyard.ScreenshotDriver.saveElementImage: com.kazurayam.ksbackyard.ScreenshotDriver.saveElementImage is PASSED

2018-10-27 15:54:25 - [MESSAGE][PASSED] - com.kazurayam.ksbackyard.ScreenshotDriver.saveElementImage is PASSED

2018-10-27 15:54:25 - [TEST_STEP][PASSED] - delay: Delayed 3 second(s)

2018-10-27 15:54:28 - [MESSAGE][PASSED] - Delayed 3 second(s)

2018-10-27 15:54:28 - [TEST_STEP][PASSED] - closeBrowser: Browser is closed

2018-10-27 15:54:29 - [MESSAGE][PASSED] - Browser is closed]]></system-out>
         <system-err><![CDATA[]]></system-err>
      </testcase>
      <testcase name="Test Cases/TC1_verify_images_are_similar" classname="Test Cases/TC1_verify_images_are_similar" status="PASSED">
         <system-out><![CDATA[2018-10-27 15:54:29 - [TEST_CASE][PASSED] - Test Cases/TC1_verify_images_are_similar: Test Cases/TC1_verify_images_are_similar

2018-10-27 15:54:29 - [TEST_STEP][PASSED] - Statement - tmpDir = java.nio.file.Paths.get(com.kms.katalon.core.configuration.RunConfiguration.getProjectDir(), "tmp"): null

2018-10-27 15:54:29 - [TEST_STEP][PASSED] - Statement - java.nio.file.Files.createDirectories(tmpDir): null

2018-10-27 15:54:29 - [TEST_STEP][PASSED] - Statement - imageFile = tmpDir.resolve("kazurayam.png").toFile(): null

2018-10-27 15:54:29 - [TEST_STEP][PASSED] - openBrowser: Browser is opened with url: ''

2018-10-27 15:54:34 - [MESSAGE][PASSED] - Browser is opened with url: ''

2018-10-27 15:54:34 - [TEST_STEP][PASSED] - navigateToUrl: Navigate to 'https://forum.katalon.com/discussion/9799/visual-testing-in-katalon-studio' successfully

2018-10-27 15:54:43 - [MESSAGE][PASSED] - Navigate to 'https://forum.katalon.com/discussion/9799/visual-testing-in-katalon-studio' successfully

2018-10-27 15:54:43 - [TEST_STEP][PASSED] - Statement - testObject = com.kms.katalon.core.testobject.ObjectRepository.findTestObject(Object Repository/Page_Katalon Discussion/img_Commentator, [index:6]): Finding Test Object with id 'Object Repository/Page_Katalon Discussion/img_Commentator'

2018-10-27 15:54:43 - [TEST_STEP][PASSED] - verifyElementPresent: Object 'Object Repository/Page_Katalon Discussion/img_Commentator' is present

2018-10-27 15:54:43 - [MESSAGE][PASSED] - Object 'Object Repository/Page_Katalon Discussion/img_Commentator' is present

2018-10-27 15:54:43 - [TEST_STEP][PASSED] - com.kazurayam.ksbackyard.ScreenshotDriver.verifyImagesAreSimilar: com.kazurayam.ksbackyard.ScreenshotDriver.verifyImagesAreSimilar is PASSED

2018-10-27 15:54:45 - [MESSAGE][PASSED] - com.kazurayam.ksbackyard.ScreenshotDriver.verifyImagesAreSimilar is PASSED

2018-10-27 15:54:45 - [TEST_STEP][PASSED] - closeBrowser: Browser is closed

2018-10-27 15:54:45 - [MESSAGE][PASSED] - Browser is closed]]></system-out>
         <system-err><![CDATA[]]></system-err>
      </testcase>
      <testcase name="Test Cases/TC2_verify_images_are_similar - Falsey case" classname="Test Cases/TC2_verify_images_are_similar - Falsey case" status="PASSED">
         <system-out><![CDATA[2018-10-27 15:54:45 - [TEST_CASE][PASSED] - Test Cases/TC2_verify_images_are_similar - Falsey case: Test Cases/TC2_verify_images_are_similar - Falsey case

2018-10-27 15:54:45 - [TEST_STEP][PASSED] - Statement - tmpDir = java.nio.file.Paths.get(com.kms.katalon.core.configuration.RunConfiguration.getProjectDir(), "tmp"): null

2018-10-27 15:54:45 - [TEST_STEP][PASSED] - Statement - java.nio.file.Files.createDirectories(tmpDir): null

2018-10-27 15:54:45 - [TEST_STEP][PASSED] - Statement - imageFile = tmpDir.resolve("kazurayam.png").toFile(): null

2018-10-27 15:54:45 - [TEST_STEP][PASSED] - openBrowser: Browser is opened with url: ''

2018-10-27 15:54:51 - [MESSAGE][PASSED] - Browser is opened with url: ''

2018-10-27 15:54:51 - [TEST_STEP][PASSED] - navigateToUrl: Navigate to 'https://forum.katalon.com/discussion/9799/visual-testing-in-katalon-studio' successfully

2018-10-27 15:55:00 - [MESSAGE][PASSED] - Navigate to 'https://forum.katalon.com/discussion/9799/visual-testing-in-katalon-studio' successfully

2018-10-27 15:55:00 - [TEST_STEP][PASSED] - Statement - testObject = com.kms.katalon.core.testobject.ObjectRepository.findTestObject(Object Repository/Page_Katalon Discussion/img_Commentator, [index:2]): Finding Test Object with id 'Object Repository/Page_Katalon Discussion/img_Commentator'

2018-10-27 15:55:00 - [TEST_STEP][PASSED] - verifyElementPresent: Object 'Object Repository/Page_Katalon Discussion/img_Commentator' is present

2018-10-27 15:55:00 - [MESSAGE][PASSED] - Object 'Object Repository/Page_Katalon Discussion/img_Commentator' is present

2018-10-27 15:55:00 - [TEST_STEP][PASSED] - com.kazurayam.ksbackyard.ScreenshotDriver.verifyImagesAreDifferent: com.kazurayam.ksbackyard.ScreenshotDriver.verifyImagesAreDifferent is PASSED

2018-10-27 15:55:01 - [MESSAGE][PASSED] - com.kazurayam.ksbackyard.ScreenshotDriver.verifyImagesAreDifferent is PASSED

2018-10-27 15:55:01 - [TEST_STEP][PASSED] - closeBrowser: Browser is closed

2018-10-27 15:55:02 - [MESSAGE][PASSED] - Browser is closed]]></system-out>
         <system-err><![CDATA[]]></system-err>
      </testcase>
      <testcase name="Test Cases/TC3_verify_images_are_different" classname="Test Cases/TC3_verify_images_are_different" status="PASSED">
         <system-out><![CDATA[2018-10-27 15:55:02 - [TEST_CASE][PASSED] - Test Cases/TC3_verify_images_are_different: Test Cases/TC3_verify_images_are_different

2018-10-27 15:55:02 - [TEST_STEP][PASSED] - Statement - tmpDir = java.nio.file.Paths.get(com.kms.katalon.core.configuration.RunConfiguration.getProjectDir(), "tmp"): null

2018-10-27 15:55:02 - [TEST_STEP][PASSED] - Statement - java.nio.file.Files.createDirectories(tmpDir): null

2018-10-27 15:55:02 - [TEST_STEP][PASSED] - Statement - imageFile = tmpDir.resolve("kazurayam.png").toFile(): null

2018-10-27 15:55:02 - [TEST_STEP][PASSED] - openBrowser: Browser is opened with url: ''

2018-10-27 15:55:08 - [MESSAGE][PASSED] - Browser is opened with url: ''

2018-10-27 15:55:08 - [TEST_STEP][PASSED] - navigateToUrl: Navigate to 'https://forum.katalon.com/discussion/9799/visual-testing-in-katalon-studio' successfully

2018-10-27 15:55:17 - [MESSAGE][PASSED] - Navigate to 'https://forum.katalon.com/discussion/9799/visual-testing-in-katalon-studio' successfully

2018-10-27 15:55:17 - [TEST_STEP][PASSED] - Statement - testObject = com.kms.katalon.core.testobject.ObjectRepository.findTestObject(Object Repository/Page_Katalon Discussion/img_Commentator, [index:6]): Finding Test Object with id 'Object Repository/Page_Katalon Discussion/img_Commentator'

2018-10-27 15:55:17 - [TEST_STEP][PASSED] - verifyElementPresent: Object 'Object Repository/Page_Katalon Discussion/img_Commentator' is present

2018-10-27 15:55:17 - [MESSAGE][PASSED] - Object 'Object Repository/Page_Katalon Discussion/img_Commentator' is present

2018-10-27 15:55:17 - [TEST_STEP][PASSED] - com.kazurayam.ksbackyard.ScreenshotDriver.verifyImagesAreSimilar: com.kazurayam.ksbackyard.ScreenshotDriver.verifyImagesAreSimilar is PASSED

2018-10-27 15:55:18 - [MESSAGE][PASSED] - com.kazurayam.ksbackyard.ScreenshotDriver.verifyImagesAreSimilar is PASSED

2018-10-27 15:55:18 - [TEST_STEP][PASSED] - closeBrowser: Browser is closed

2018-10-27 15:55:19 - [MESSAGE][PASSED] - Browser is closed]]></system-out>
         <system-err><![CDATA[]]></system-err>
      </testcase>
      <testcase name="Test Cases/TC4_verify_images_are_different - Falsey case" classname="Test Cases/TC4_verify_images_are_different - Falsey case" status="FAILED">
         <failure type="FAILED" message="(Stack trace: com.kms.katalon.core.exception.StepFailedException: actual image (saved into /Users/urayamakazuaki/katalon-workspace/Verifying_ImagesAreSimilar_and_ImagesAreDifferent/tmp/ScreenshotDriver_verifyImagesAreDifferent_actual_20181027_155532_547.png) is not different enough from /Users/urayamakazuaki/katalon-workspace/Verifying_ImagesAreSimilar_and_ImagesAreDifferent/tmp/kazurayam.png
	at com.kms.katalon.core.util.KeywordUtil.markFailed(KeywordUtil.java:15)
	at com.kms.katalon.core.util.KeywordUtil$markFailed.call(Unknown Source)
	at org.codehaus.groovy.runtime.callsite.CallSiteArray.defaultCall(CallSiteArray.java:48)
	at org.codehaus.groovy.runtime.callsite.AbstractCallSite.call(AbstractCallSite.java:113)
	at org.codehaus.groovy.runtime.callsite.AbstractCallSite.call(AbstractCallSite.java:125)
	at com.kazurayam.ksbackyard.Assert.stepFailed(Assert.groovy:68)
	at com.kazurayam.ksbackyard.Assert.assertTrue(Assert.groovy:27)
	at sun.reflect.NativeMethodAccessorImpl.invoke0(Native Method)
	at sun.reflect.NativeMethodAccessorImpl.invoke(NativeMethodAccessorImpl.java:62)
	at sun.reflect.DelegatingMethodAccessorImpl.invoke(DelegatingMethodAccessorImpl.java:43)
	at java.lang.reflect.Method.invoke(Method.java:498)
	at org.codehaus.groovy.reflection.CachedMethod.invoke(CachedMethod.java:93)
	at groovy.lang.MetaMethod.doMethodInvoke(MetaMethod.java:325)
	at org.codehaus.groovy.runtime.callsite.StaticMetaMethodSite$StaticMetaMethodSiteNoUnwrap.invoke(StaticMetaMethodSite.java:133)
	at org.codehaus.groovy.runtime.callsite.StaticMetaMethodSite.call(StaticMetaMethodSite.java:91)
	at org.codehaus.groovy.runtime.callsite.AbstractCallSite.call(AbstractCallSite.java:141)
	at com.kazurayam.ksbackyard.ScreenshotDriver.verifyImagesAreDifferent(ScreenshotDriver.groovy:317)
	at sun.reflect.NativeMethodAccessorImpl.invoke0(Native Method)
	at sun.reflect.NativeMethodAccessorImpl.invoke(NativeMethodAccessorImpl.java:62)
	at sun.reflect.DelegatingMethodAccessorImpl.invoke(DelegatingMethodAccessorImpl.java:43)
	at java.lang.reflect.Method.invoke(Method.java:498)
	at org.codehaus.groovy.reflection.CachedMethod.invoke(CachedMethod.java:93)
	at groovy.lang.MetaMethod.doMethodInvoke(MetaMethod.java:325)
	at groovy.lang.MetaClassImpl.invokeMethod(MetaClassImpl.java:1215)
	at groovy.lang.MetaClassImpl.invokeMethod(MetaClassImpl.java:1024)
	at groovy.lang.MetaClassImpl.invokeMethod(MetaClassImpl.java:812)
	at groovy.lang.DelegatingMetaClass.invokeMethod(DelegatingMetaClass.java:144)
	at com.kazurayam.ksbackyard.ScreenshotDriver.invokeMethod(ScreenshotDriver.groovy)
	at com.kms.katalon.core.main.CustomKeywordDelegatingMetaClass.invokeStaticMethod(CustomKeywordDelegatingMetaClass.java:46)
	at org.codehaus.groovy.runtime.callsite.StaticMetaClassSite.call(StaticMetaClassSite.java:53)
	at org.codehaus.groovy.runtime.callsite.CallSiteArray.defaultCall(CallSiteArray.java:48)
	at org.codehaus.groovy.runtime.callsite.AbstractCallSite.call(AbstractCallSite.java:113)
	at org.codehaus.groovy.runtime.callsite.AbstractCallSite.call(AbstractCallSite.java:149)
	at Script1540622673854.run(Script1540622673854.groovy:31)
	at com.kms.katalon.core.main.ScriptEngine.run(ScriptEngine.java:183)
	at com.kms.katalon.core.main.ScriptEngine.runScriptAsRawText(ScriptEngine.java:108)
	at com.kms.katalon.core.main.TestCaseExecutor.runScript(TestCaseExecutor.java:294)
	at com.kms.katalon.core.main.TestCaseExecutor.doExecute(TestCaseExecutor.java:285)
	at com.kms.katalon.core.main.TestCaseExecutor.processExecutionPhase(TestCaseExecutor.java:264)
	at com.kms.katalon.core.main.TestCaseExecutor.accessMainPhase(TestCaseExecutor.java:256)
	at com.kms.katalon.core.main.TestCaseExecutor.execute(TestCaseExecutor.java:200)
	at com.kms.katalon.core.main.TestSuiteExecutor.accessTestCaseMainPhase(TestSuiteExecutor.java:129)
	at com.kms.katalon.core.main.TestSuiteExecutor.accessTestSuiteMainPhase(TestSuiteExecutor.java:112)
	at com.kms.katalon.core.main.TestSuiteExecutor.execute(TestSuiteExecutor.java:81)
	at com.kms.katalon.core.main.TestCaseMain.startTestSuite(TestCaseMain.java:142)
	at com.kms.katalon.core.main.TestCaseMain$startTestSuite$0.call(Unknown Source)
	at org.codehaus.groovy.runtime.callsite.CallSiteArray.defaultCall(CallSiteArray.java:48)
	at org.codehaus.groovy.runtime.callsite.AbstractCallSite.call(AbstractCallSite.java:113)
	at org.codehaus.groovy.runtime.callsite.AbstractCallSite.call(AbstractCallSite.java:141)
	at TempTestSuite1540623242408.run(TempTestSuite1540623242408.groovy:36)
	at groovy.lang.GroovyShell.runScriptOrMainOrTestOrRunnable(GroovyShell.java:263)
	at groovy.lang.GroovyShell.run(GroovyShell.java:518)
	at groovy.lang.GroovyShell.run(GroovyShell.java:507)
	at groovy.ui.GroovyMain.processOnce(GroovyMain.java:653)
	at groovy.ui.GroovyMain.run(GroovyMain.java:384)
	at groovy.ui.GroovyMain.process(GroovyMain.java:370)
	at groovy.ui.GroovyMain.processArgs(GroovyMain.java:129)
	at groovy.ui.GroovyMain.main(GroovyMain.java:109)
	at sun.reflect.NativeMethodAccessorImpl.invoke0(Native Method)
	at sun.reflect.NativeMethodAccessorImpl.invoke(NativeMethodAccessorImpl.java:62)
	at sun.reflect.DelegatingMethodAccessorImpl.invoke(DelegatingMethodAccessorImpl.java:43)
	at java.lang.reflect.Method.invoke(Method.java:498)
	at org.codehaus.groovy.tools.GroovyStarter.rootLoader(GroovyStarter.java:109)
	at org.codehaus.groovy.tools.GroovyStarter.main(GroovyStarter.java:131)
)"/>
         <system-out><![CDATA[2018-10-27 15:55:19 - [TEST_CASE][FAILED] - Test Cases/TC4_verify_images_are_different - Falsey case: Test Cases/TC4_verify_images_are_different - Falsey case FAILED because (of) (Stack trace: com.kms.katalon.core.exception.StepFailedException: actual image (saved into /Users/urayamakazuaki/katalon-workspace/Verifying_ImagesAreSimilar_and_ImagesAreDifferent/tmp/ScreenshotDriver_verifyImagesAreDifferent_actual_20181027_155532_547.png) is not different enough from /Users/urayamakazuaki/katalon-workspace/Verifying_ImagesAreSimilar_and_ImagesAreDifferent/tmp/kazurayam.png
	at com.kms.katalon.core.util.KeywordUtil.markFailed(KeywordUtil.java:15)
	at com.kms.katalon.core.util.KeywordUtil$markFailed.call(Unknown Source)
	at org.codehaus.groovy.runtime.callsite.CallSiteArray.defaultCall(CallSiteArray.java:48)
	at org.codehaus.groovy.runtime.callsite.AbstractCallSite.call(AbstractCallSite.java:113)
	at org.codehaus.groovy.runtime.callsite.AbstractCallSite.call(AbstractCallSite.java:125)
	at com.kazurayam.ksbackyard.Assert.stepFailed(Assert.groovy:68)
	at com.kazurayam.ksbackyard.Assert.assertTrue(Assert.groovy:27)
	at sun.reflect.NativeMethodAccessorImpl.invoke0(Native Method)
	at sun.reflect.NativeMethodAccessorImpl.invoke(NativeMethodAccessorImpl.java:62)
	at sun.reflect.DelegatingMethodAccessorImpl.invoke(DelegatingMethodAccessorImpl.java:43)
	at java.lang.reflect.Method.invoke(Method.java:498)
	at org.codehaus.groovy.reflection.CachedMethod.invoke(CachedMethod.java:93)
	at groovy.lang.MetaMethod.doMethodInvoke(MetaMethod.java:325)
	at org.codehaus.groovy.runtime.callsite.StaticMetaMethodSite$StaticMetaMethodSiteNoUnwrap.invoke(StaticMetaMethodSite.java:133)
	at org.codehaus.groovy.runtime.callsite.StaticMetaMethodSite.call(StaticMetaMethodSite.java:91)
	at org.codehaus.groovy.runtime.callsite.AbstractCallSite.call(AbstractCallSite.java:141)
	at com.kazurayam.ksbackyard.ScreenshotDriver.verifyImagesAreDifferent(ScreenshotDriver.groovy:317)
	at sun.reflect.NativeMethodAccessorImpl.invoke0(Native Method)
	at sun.reflect.NativeMethodAccessorImpl.invoke(NativeMethodAccessorImpl.java:62)
	at sun.reflect.DelegatingMethodAccessorImpl.invoke(DelegatingMethodAccessorImpl.java:43)
	at java.lang.reflect.Method.invoke(Method.java:498)
	at org.codehaus.groovy.reflection.CachedMethod.invoke(CachedMethod.java:93)
	at groovy.lang.MetaMethod.doMethodInvoke(MetaMethod.java:325)
	at groovy.lang.MetaClassImpl.invokeMethod(MetaClassImpl.java:1215)
	at groovy.lang.MetaClassImpl.invokeMethod(MetaClassImpl.java:1024)
	at groovy.lang.MetaClassImpl.invokeMethod(MetaClassImpl.java:812)
	at groovy.lang.DelegatingMetaClass.invokeMethod(DelegatingMetaClass.java:144)
	at com.kazurayam.ksbackyard.ScreenshotDriver.invokeMethod(ScreenshotDriver.groovy)
	at com.kms.katalon.core.main.CustomKeywordDelegatingMetaClass.invokeStaticMethod(CustomKeywordDelegatingMetaClass.java:46)
	at org.codehaus.groovy.runtime.callsite.StaticMetaClassSite.call(StaticMetaClassSite.java:53)
	at org.codehaus.groovy.runtime.callsite.CallSiteArray.defaultCall(CallSiteArray.java:48)
	at org.codehaus.groovy.runtime.callsite.AbstractCallSite.call(AbstractCallSite.java:113)
	at org.codehaus.groovy.runtime.callsite.AbstractCallSite.call(AbstractCallSite.java:149)
	at Script1540622673854.run(Script1540622673854.groovy:31)
	at com.kms.katalon.core.main.ScriptEngine.run(ScriptEngine.java:183)
	at com.kms.katalon.core.main.ScriptEngine.runScriptAsRawText(ScriptEngine.java:108)
	at com.kms.katalon.core.main.TestCaseExecutor.runScript(TestCaseExecutor.java:294)
	at com.kms.katalon.core.main.TestCaseExecutor.doExecute(TestCaseExecutor.java:285)
	at com.kms.katalon.core.main.TestCaseExecutor.processExecutionPhase(TestCaseExecutor.java:264)
	at com.kms.katalon.core.main.TestCaseExecutor.accessMainPhase(TestCaseExecutor.java:256)
	at com.kms.katalon.core.main.TestCaseExecutor.execute(TestCaseExecutor.java:200)
	at com.kms.katalon.core.main.TestSuiteExecutor.accessTestCaseMainPhase(TestSuiteExecutor.java:129)
	at com.kms.katalon.core.main.TestSuiteExecutor.accessTestSuiteMainPhase(TestSuiteExecutor.java:112)
	at com.kms.katalon.core.main.TestSuiteExecutor.execute(TestSuiteExecutor.java:81)
	at com.kms.katalon.core.main.TestCaseMain.startTestSuite(TestCaseMain.java:142)
	at com.kms.katalon.core.main.TestCaseMain$startTestSuite$0.call(Unknown Source)
	at org.codehaus.groovy.runtime.callsite.CallSiteArray.defaultCall(CallSiteArray.java:48)
	at org.codehaus.groovy.runtime.callsite.AbstractCallSite.call(AbstractCallSite.java:113)
	at org.codehaus.groovy.runtime.callsite.AbstractCallSite.call(AbstractCallSite.java:141)
	at TempTestSuite1540623242408.run(TempTestSuite1540623242408.groovy:36)
	at groovy.lang.GroovyShell.runScriptOrMainOrTestOrRunnable(GroovyShell.java:263)
	at groovy.lang.GroovyShell.run(GroovyShell.java:518)
	at groovy.lang.GroovyShell.run(GroovyShell.java:507)
	at groovy.ui.GroovyMain.processOnce(GroovyMain.java:653)
	at groovy.ui.GroovyMain.run(GroovyMain.java:384)
	at groovy.ui.GroovyMain.process(GroovyMain.java:370)
	at groovy.ui.GroovyMain.processArgs(GroovyMain.java:129)
	at groovy.ui.GroovyMain.main(GroovyMain.java:109)
	at sun.reflect.NativeMethodAccessorImpl.invoke0(Native Method)
	at sun.reflect.NativeMethodAccessorImpl.invoke(NativeMethodAccessorImpl.java:62)
	at sun.reflect.DelegatingMethodAccessorImpl.invoke(DelegatingMethodAccessorImpl.java:43)
	at java.lang.reflect.Method.invoke(Method.java:498)
	at org.codehaus.groovy.tools.GroovyStarter.rootLoader(GroovyStarter.java:109)
	at org.codehaus.groovy.tools.GroovyStarter.main(GroovyStarter.java:131)
)

2018-10-27 15:55:19 - [TEST_STEP][PASSED] - Statement - tmpDir = java.nio.file.Paths.get(com.kms.katalon.core.configuration.RunConfiguration.getProjectDir(), "tmp"): null

2018-10-27 15:55:19 - [TEST_STEP][PASSED] - Statement - java.nio.file.Files.createDirectories(tmpDir): null

2018-10-27 15:55:19 - [TEST_STEP][PASSED] - Statement - imageFile = tmpDir.resolve("kazurayam.png").toFile(): null

2018-10-27 15:55:19 - [TEST_STEP][PASSED] - openBrowser: Browser is opened with url: ''

2018-10-27 15:55:25 - [MESSAGE][PASSED] - Browser is opened with url: ''

2018-10-27 15:55:25 - [TEST_STEP][PASSED] - navigateToUrl: Navigate to 'https://forum.katalon.com/discussion/9799/visual-testing-in-katalon-studio' successfully

2018-10-27 15:55:32 - [MESSAGE][PASSED] - Navigate to 'https://forum.katalon.com/discussion/9799/visual-testing-in-katalon-studio' successfully

2018-10-27 15:55:32 - [TEST_STEP][PASSED] - Statement - testObject = com.kms.katalon.core.testobject.ObjectRepository.findTestObject(Object Repository/Page_Katalon Discussion/img_Commentator, [index:6]): Finding Test Object with id 'Object Repository/Page_Katalon Discussion/img_Commentator'

2018-10-27 15:55:32 - [TEST_STEP][PASSED] - verifyElementPresent: Object 'Object Repository/Page_Katalon Discussion/img_Commentator' is present

2018-10-27 15:55:32 - [MESSAGE][PASSED] - Object 'Object Repository/Page_Katalon Discussion/img_Commentator' is present

2018-10-27 15:55:32 - [TEST_STEP][FAILED] - com.kazurayam.ksbackyard.ScreenshotDriver.verifyImagesAreDifferent: actual image (saved into /Users/urayamakazuaki/katalon-workspace/Verifying_ImagesAreSimilar_and_ImagesAreDifferent/tmp/ScreenshotDriver_verifyImagesAreDifferent_actual_20181027_155532_547.png) is not different enough from /Users/urayamakazuaki/katalon-workspace/Verifying_ImagesAreSimilar_and_ImagesAreDifferent/tmp/kazurayam.png

2018-10-27 15:55:33 - [MESSAGE][FAILED] - actual image (saved into /Users/urayamakazuaki/katalon-workspace/Verifying_ImagesAreSimilar_and_ImagesAreDifferent/tmp/ScreenshotDriver_verifyImagesAreDifferent_actual_20181027_155532_547.png) is not different enough from /Users/urayamakazuaki/katalon-workspace/Verifying_ImagesAreSimilar_and_ImagesAreDifferent/tmp/kazurayam.png

2018-10-27 15:55:33 - [MESSAGE][FAILED] - actual image (saved into /Users/urayamakazuaki/katalon-workspace/Verifying_ImagesAreSimilar_and_ImagesAreDifferent/tmp/ScreenshotDriver_verifyImagesAreDifferent_actual_20181027_155532_547.png) is not different enough from /Users/urayamakazuaki/katalon-workspace/Verifying_ImagesAreSimilar_and_ImagesAreDifferent/tmp/kazurayam.png

2018-10-27 15:55:33 - [TEST_STEP][PASSED] - closeBrowser: Browser is closed

2018-10-27 15:55:34 - [MESSAGE][PASSED] - Browser is closed]]></system-out>
         <system-err><![CDATA[2018-10-27 15:55:19 - [TEST_CASE][FAILED] - Test Cases/TC4_verify_images_are_different - Falsey case: Test Cases/TC4_verify_images_are_different - Falsey case FAILED because (of) (Stack trace: com.kms.katalon.core.exception.StepFailedException: actual image (saved into /Users/urayamakazuaki/katalon-workspace/Verifying_ImagesAreSimilar_and_ImagesAreDifferent/tmp/ScreenshotDriver_verifyImagesAreDifferent_actual_20181027_155532_547.png) is not different enough from /Users/urayamakazuaki/katalon-workspace/Verifying_ImagesAreSimilar_and_ImagesAreDifferent/tmp/kazurayam.png
	at com.kms.katalon.core.util.KeywordUtil.markFailed(KeywordUtil.java:15)
	at com.kms.katalon.core.util.KeywordUtil$markFailed.call(Unknown Source)
	at org.codehaus.groovy.runtime.callsite.CallSiteArray.defaultCall(CallSiteArray.java:48)
	at org.codehaus.groovy.runtime.callsite.AbstractCallSite.call(AbstractCallSite.java:113)
	at org.codehaus.groovy.runtime.callsite.AbstractCallSite.call(AbstractCallSite.java:125)
	at com.kazurayam.ksbackyard.Assert.stepFailed(Assert.groovy:68)
	at com.kazurayam.ksbackyard.Assert.assertTrue(Assert.groovy:27)
	at sun.reflect.NativeMethodAccessorImpl.invoke0(Native Method)
	at sun.reflect.NativeMethodAccessorImpl.invoke(NativeMethodAccessorImpl.java:62)
	at sun.reflect.DelegatingMethodAccessorImpl.invoke(DelegatingMethodAccessorImpl.java:43)
	at java.lang.reflect.Method.invoke(Method.java:498)
	at org.codehaus.groovy.reflection.CachedMethod.invoke(CachedMethod.java:93)
	at groovy.lang.MetaMethod.doMethodInvoke(MetaMethod.java:325)
	at org.codehaus.groovy.runtime.callsite.StaticMetaMethodSite$StaticMetaMethodSiteNoUnwrap.invoke(StaticMetaMethodSite.java:133)
	at org.codehaus.groovy.runtime.callsite.StaticMetaMethodSite.call(StaticMetaMethodSite.java:91)
	at org.codehaus.groovy.runtime.callsite.AbstractCallSite.call(AbstractCallSite.java:141)
	at com.kazurayam.ksbackyard.ScreenshotDriver.verifyImagesAreDifferent(ScreenshotDriver.groovy:317)
	at sun.reflect.NativeMethodAccessorImpl.invoke0(Native Method)
	at sun.reflect.NativeMethodAccessorImpl.invoke(NativeMethodAccessorImpl.java:62)
	at sun.reflect.DelegatingMethodAccessorImpl.invoke(DelegatingMethodAccessorImpl.java:43)
	at java.lang.reflect.Method.invoke(Method.java:498)
	at org.codehaus.groovy.reflection.CachedMethod.invoke(CachedMethod.java:93)
	at groovy.lang.MetaMethod.doMethodInvoke(MetaMethod.java:325)
	at groovy.lang.MetaClassImpl.invokeMethod(MetaClassImpl.java:1215)
	at groovy.lang.MetaClassImpl.invokeMethod(MetaClassImpl.java:1024)
	at groovy.lang.MetaClassImpl.invokeMethod(MetaClassImpl.java:812)
	at groovy.lang.DelegatingMetaClass.invokeMethod(DelegatingMetaClass.java:144)
	at com.kazurayam.ksbackyard.ScreenshotDriver.invokeMethod(ScreenshotDriver.groovy)
	at com.kms.katalon.core.main.CustomKeywordDelegatingMetaClass.invokeStaticMethod(CustomKeywordDelegatingMetaClass.java:46)
	at org.codehaus.groovy.runtime.callsite.StaticMetaClassSite.call(StaticMetaClassSite.java:53)
	at org.codehaus.groovy.runtime.callsite.CallSiteArray.defaultCall(CallSiteArray.java:48)
	at org.codehaus.groovy.runtime.callsite.AbstractCallSite.call(AbstractCallSite.java:113)
	at org.codehaus.groovy.runtime.callsite.AbstractCallSite.call(AbstractCallSite.java:149)
	at Script1540622673854.run(Script1540622673854.groovy:31)
	at com.kms.katalon.core.main.ScriptEngine.run(ScriptEngine.java:183)
	at com.kms.katalon.core.main.ScriptEngine.runScriptAsRawText(ScriptEngine.java:108)
	at com.kms.katalon.core.main.TestCaseExecutor.runScript(TestCaseExecutor.java:294)
	at com.kms.katalon.core.main.TestCaseExecutor.doExecute(TestCaseExecutor.java:285)
	at com.kms.katalon.core.main.TestCaseExecutor.processExecutionPhase(TestCaseExecutor.java:264)
	at com.kms.katalon.core.main.TestCaseExecutor.accessMainPhase(TestCaseExecutor.java:256)
	at com.kms.katalon.core.main.TestCaseExecutor.execute(TestCaseExecutor.java:200)
	at com.kms.katalon.core.main.TestSuiteExecutor.accessTestCaseMainPhase(TestSuiteExecutor.java:129)
	at com.kms.katalon.core.main.TestSuiteExecutor.accessTestSuiteMainPhase(TestSuiteExecutor.java:112)
	at com.kms.katalon.core.main.TestSuiteExecutor.execute(TestSuiteExecutor.java:81)
	at com.kms.katalon.core.main.TestCaseMain.startTestSuite(TestCaseMain.java:142)
	at com.kms.katalon.core.main.TestCaseMain$startTestSuite$0.call(Unknown Source)
	at org.codehaus.groovy.runtime.callsite.CallSiteArray.defaultCall(CallSiteArray.java:48)
	at org.codehaus.groovy.runtime.callsite.AbstractCallSite.call(AbstractCallSite.java:113)
	at org.codehaus.groovy.runtime.callsite.AbstractCallSite.call(AbstractCallSite.java:141)
	at TempTestSuite1540623242408.run(TempTestSuite1540623242408.groovy:36)
	at groovy.lang.GroovyShell.runScriptOrMainOrTestOrRunnable(GroovyShell.java:263)
	at groovy.lang.GroovyShell.run(GroovyShell.java:518)
	at groovy.lang.GroovyShell.run(GroovyShell.java:507)
	at groovy.ui.GroovyMain.processOnce(GroovyMain.java:653)
	at groovy.ui.GroovyMain.run(GroovyMain.java:384)
	at groovy.ui.GroovyMain.process(GroovyMain.java:370)
	at groovy.ui.GroovyMain.processArgs(GroovyMain.java:129)
	at groovy.ui.GroovyMain.main(GroovyMain.java:109)
	at sun.reflect.NativeMethodAccessorImpl.invoke0(Native Method)
	at sun.reflect.NativeMethodAccessorImpl.invoke(NativeMethodAccessorImpl.java:62)
	at sun.reflect.DelegatingMethodAccessorImpl.invoke(DelegatingMethodAccessorImpl.java:43)
	at java.lang.reflect.Method.invoke(Method.java:498)
	at org.codehaus.groovy.tools.GroovyStarter.rootLoader(GroovyStarter.java:109)
	at org.codehaus.groovy.tools.GroovyStarter.main(GroovyStarter.java:131)
)]]></system-err>
      </testcase>
      <system-out><![CDATA[2018-10-27 15:54:06 - [TEST_SUITE][FAILED] - TS: Test Cases/TC4_verify_images_are_different - Falsey case FAILED because (of) (Stack trace: com.kms.katalon.core.exception.StepFailedException: actual image (saved into /Users/urayamakazuaki/katalon-workspace/Verifying_ImagesAreSimilar_and_ImagesAreDifferent/tmp/ScreenshotDriver_verifyImagesAreDifferent_actual_20181027_155532_547.png) is not different enough from /Users/urayamakazuaki/katalon-workspace/Verifying_ImagesAreSimilar_and_ImagesAreDifferent/tmp/kazurayam.png
	at com.kms.katalon.core.util.KeywordUtil.markFailed(KeywordUtil.java:15)
	at com.kms.katalon.core.util.KeywordUtil$markFailed.call(Unknown Source)
	at org.codehaus.groovy.runtime.callsite.CallSiteArray.defaultCall(CallSiteArray.java:48)
	at org.codehaus.groovy.runtime.callsite.AbstractCallSite.call(AbstractCallSite.java:113)
	at org.codehaus.groovy.runtime.callsite.AbstractCallSite.call(AbstractCallSite.java:125)
	at com.kazurayam.ksbackyard.Assert.stepFailed(Assert.groovy:68)
	at com.kazurayam.ksbackyard.Assert.assertTrue(Assert.groovy:27)
	at sun.reflect.NativeMethodAccessorImpl.invoke0(Native Method)
	at sun.reflect.NativeMethodAccessorImpl.invoke(NativeMethodAccessorImpl.java:62)
	at sun.reflect.DelegatingMethodAccessorImpl.invoke(DelegatingMethodAccessorImpl.java:43)
	at java.lang.reflect.Method.invoke(Method.java:498)
	at org.codehaus.groovy.reflection.CachedMethod.invoke(CachedMethod.java:93)
	at groovy.lang.MetaMethod.doMethodInvoke(MetaMethod.java:325)
	at org.codehaus.groovy.runtime.callsite.StaticMetaMethodSite$StaticMetaMethodSiteNoUnwrap.invoke(StaticMetaMethodSite.java:133)
	at org.codehaus.groovy.runtime.callsite.StaticMetaMethodSite.call(StaticMetaMethodSite.java:91)
	at org.codehaus.groovy.runtime.callsite.AbstractCallSite.call(AbstractCallSite.java:141)
	at com.kazurayam.ksbackyard.ScreenshotDriver.verifyImagesAreDifferent(ScreenshotDriver.groovy:317)
	at sun.reflect.NativeMethodAccessorImpl.invoke0(Native Method)
	at sun.reflect.NativeMethodAccessorImpl.invoke(NativeMethodAccessorImpl.java:62)
	at sun.reflect.DelegatingMethodAccessorImpl.invoke(DelegatingMethodAccessorImpl.java:43)
	at java.lang.reflect.Method.invoke(Method.java:498)
	at org.codehaus.groovy.reflection.CachedMethod.invoke(CachedMethod.java:93)
	at groovy.lang.MetaMethod.doMethodInvoke(MetaMethod.java:325)
	at groovy.lang.MetaClassImpl.invokeMethod(MetaClassImpl.java:1215)
	at groovy.lang.MetaClassImpl.invokeMethod(MetaClassImpl.java:1024)
	at groovy.lang.MetaClassImpl.invokeMethod(MetaClassImpl.java:812)
	at groovy.lang.DelegatingMetaClass.invokeMethod(DelegatingMetaClass.java:144)
	at com.kazurayam.ksbackyard.ScreenshotDriver.invokeMethod(ScreenshotDriver.groovy)
	at com.kms.katalon.core.main.CustomKeywordDelegatingMetaClass.invokeStaticMethod(CustomKeywordDelegatingMetaClass.java:46)
	at org.codehaus.groovy.runtime.callsite.StaticMetaClassSite.call(StaticMetaClassSite.java:53)
	at org.codehaus.groovy.runtime.callsite.CallSiteArray.defaultCall(CallSiteArray.java:48)
	at org.codehaus.groovy.runtime.callsite.AbstractCallSite.call(AbstractCallSite.java:113)
	at org.codehaus.groovy.runtime.callsite.AbstractCallSite.call(AbstractCallSite.java:149)
	at Script1540622673854.run(Script1540622673854.groovy:31)
	at com.kms.katalon.core.main.ScriptEngine.run(ScriptEngine.java:183)
	at com.kms.katalon.core.main.ScriptEngine.runScriptAsRawText(ScriptEngine.java:108)
	at com.kms.katalon.core.main.TestCaseExecutor.runScript(TestCaseExecutor.java:294)
	at com.kms.katalon.core.main.TestCaseExecutor.doExecute(TestCaseExecutor.java:285)
	at com.kms.katalon.core.main.TestCaseExecutor.processExecutionPhase(TestCaseExecutor.java:264)
	at com.kms.katalon.core.main.TestCaseExecutor.accessMainPhase(TestCaseExecutor.java:256)
	at com.kms.katalon.core.main.TestCaseExecutor.execute(TestCaseExecutor.java:200)
	at com.kms.katalon.core.main.TestSuiteExecutor.accessTestCaseMainPhase(TestSuiteExecutor.java:129)
	at com.kms.katalon.core.main.TestSuiteExecutor.accessTestSuiteMainPhase(TestSuiteExecutor.java:112)
	at com.kms.katalon.core.main.TestSuiteExecutor.execute(TestSuiteExecutor.java:81)
	at com.kms.katalon.core.main.TestCaseMain.startTestSuite(TestCaseMain.java:142)
	at com.kms.katalon.core.main.TestCaseMain$startTestSuite$0.call(Unknown Source)
	at org.codehaus.groovy.runtime.callsite.CallSiteArray.defaultCall(CallSiteArray.java:48)
	at org.codehaus.groovy.runtime.callsite.AbstractCallSite.call(AbstractCallSite.java:113)
	at org.codehaus.groovy.runtime.callsite.AbstractCallSite.call(AbstractCallSite.java:141)
	at TempTestSuite1540623242408.run(TempTestSuite1540623242408.groovy:36)
	at groovy.lang.GroovyShell.runScriptOrMainOrTestOrRunnable(GroovyShell.java:263)
	at groovy.lang.GroovyShell.run(GroovyShell.java:518)
	at groovy.lang.GroovyShell.run(GroovyShell.java:507)
	at groovy.ui.GroovyMain.processOnce(GroovyMain.java:653)
	at groovy.ui.GroovyMain.run(GroovyMain.java:384)
	at groovy.ui.GroovyMain.process(GroovyMain.java:370)
	at groovy.ui.GroovyMain.processArgs(GroovyMain.java:129)
	at groovy.ui.GroovyMain.main(GroovyMain.java:109)
	at sun.reflect.NativeMethodAccessorImpl.invoke0(Native Method)
	at sun.reflect.NativeMethodAccessorImpl.invoke(NativeMethodAccessorImpl.java:62)
	at sun.reflect.DelegatingMethodAccessorImpl.invoke(DelegatingMethodAccessorImpl.java:43)
	at java.lang.reflect.Method.invoke(Method.java:498)
	at org.codehaus.groovy.tools.GroovyStarter.rootLoader(GroovyStarter.java:109)
	at org.codehaus.groovy.tools.GroovyStarter.main(GroovyStarter.java:131)
)]]></system-out>
      <system-err><![CDATA[2018-10-27 15:54:06 - [TEST_SUITE][FAILED] - TS: Test Cases/TC4_verify_images_are_different - Falsey case FAILED because (of) (Stack trace: com.kms.katalon.core.exception.StepFailedException: actual image (saved into /Users/urayamakazuaki/katalon-workspace/Verifying_ImagesAreSimilar_and_ImagesAreDifferent/tmp/ScreenshotDriver_verifyImagesAreDifferent_actual_20181027_155532_547.png) is not different enough from /Users/urayamakazuaki/katalon-workspace/Verifying_ImagesAreSimilar_and_ImagesAreDifferent/tmp/kazurayam.png
	at com.kms.katalon.core.util.KeywordUtil.markFailed(KeywordUtil.java:15)
	at com.kms.katalon.core.util.KeywordUtil$markFailed.call(Unknown Source)
	at org.codehaus.groovy.runtime.callsite.CallSiteArray.defaultCall(CallSiteArray.java:48)
	at org.codehaus.groovy.runtime.callsite.AbstractCallSite.call(AbstractCallSite.java:113)
	at org.codehaus.groovy.runtime.callsite.AbstractCallSite.call(AbstractCallSite.java:125)
	at com.kazurayam.ksbackyard.Assert.stepFailed(Assert.groovy:68)
	at com.kazurayam.ksbackyard.Assert.assertTrue(Assert.groovy:27)
	at sun.reflect.NativeMethodAccessorImpl.invoke0(Native Method)
	at sun.reflect.NativeMethodAccessorImpl.invoke(NativeMethodAccessorImpl.java:62)
	at sun.reflect.DelegatingMethodAccessorImpl.invoke(DelegatingMethodAccessorImpl.java:43)
	at java.lang.reflect.Method.invoke(Method.java:498)
	at org.codehaus.groovy.reflection.CachedMethod.invoke(CachedMethod.java:93)
	at groovy.lang.MetaMethod.doMethodInvoke(MetaMethod.java:325)
	at org.codehaus.groovy.runtime.callsite.StaticMetaMethodSite$StaticMetaMethodSiteNoUnwrap.invoke(StaticMetaMethodSite.java:133)
	at org.codehaus.groovy.runtime.callsite.StaticMetaMethodSite.call(StaticMetaMethodSite.java:91)
	at org.codehaus.groovy.runtime.callsite.AbstractCallSite.call(AbstractCallSite.java:141)
	at com.kazurayam.ksbackyard.ScreenshotDriver.verifyImagesAreDifferent(ScreenshotDriver.groovy:317)
	at sun.reflect.NativeMethodAccessorImpl.invoke0(Native Method)
	at sun.reflect.NativeMethodAccessorImpl.invoke(NativeMethodAccessorImpl.java:62)
	at sun.reflect.DelegatingMethodAccessorImpl.invoke(DelegatingMethodAccessorImpl.java:43)
	at java.lang.reflect.Method.invoke(Method.java:498)
	at org.codehaus.groovy.reflection.CachedMethod.invoke(CachedMethod.java:93)
	at groovy.lang.MetaMethod.doMethodInvoke(MetaMethod.java:325)
	at groovy.lang.MetaClassImpl.invokeMethod(MetaClassImpl.java:1215)
	at groovy.lang.MetaClassImpl.invokeMethod(MetaClassImpl.java:1024)
	at groovy.lang.MetaClassImpl.invokeMethod(MetaClassImpl.java:812)
	at groovy.lang.DelegatingMetaClass.invokeMethod(DelegatingMetaClass.java:144)
	at com.kazurayam.ksbackyard.ScreenshotDriver.invokeMethod(ScreenshotDriver.groovy)
	at com.kms.katalon.core.main.CustomKeywordDelegatingMetaClass.invokeStaticMethod(CustomKeywordDelegatingMetaClass.java:46)
	at org.codehaus.groovy.runtime.callsite.StaticMetaClassSite.call(StaticMetaClassSite.java:53)
	at org.codehaus.groovy.runtime.callsite.CallSiteArray.defaultCall(CallSiteArray.java:48)
	at org.codehaus.groovy.runtime.callsite.AbstractCallSite.call(AbstractCallSite.java:113)
	at org.codehaus.groovy.runtime.callsite.AbstractCallSite.call(AbstractCallSite.java:149)
	at Script1540622673854.run(Script1540622673854.groovy:31)
	at com.kms.katalon.core.main.ScriptEngine.run(ScriptEngine.java:183)
	at com.kms.katalon.core.main.ScriptEngine.runScriptAsRawText(ScriptEngine.java:108)
	at com.kms.katalon.core.main.TestCaseExecutor.runScript(TestCaseExecutor.java:294)
	at com.kms.katalon.core.main.TestCaseExecutor.doExecute(TestCaseExecutor.java:285)
	at com.kms.katalon.core.main.TestCaseExecutor.processExecutionPhase(TestCaseExecutor.java:264)
	at com.kms.katalon.core.main.TestCaseExecutor.accessMainPhase(TestCaseExecutor.java:256)
	at com.kms.katalon.core.main.TestCaseExecutor.execute(TestCaseExecutor.java:200)
	at com.kms.katalon.core.main.TestSuiteExecutor.accessTestCaseMainPhase(TestSuiteExecutor.java:129)
	at com.kms.katalon.core.main.TestSuiteExecutor.accessTestSuiteMainPhase(TestSuiteExecutor.java:112)
	at com.kms.katalon.core.main.TestSuiteExecutor.execute(TestSuiteExecutor.java:81)
	at com.kms.katalon.core.main.TestCaseMain.startTestSuite(TestCaseMain.java:142)
	at com.kms.katalon.core.main.TestCaseMain$startTestSuite$0.call(Unknown Source)
	at org.codehaus.groovy.runtime.callsite.CallSiteArray.defaultCall(CallSiteArray.java:48)
	at org.codehaus.groovy.runtime.callsite.AbstractCallSite.call(AbstractCallSite.java:113)
	at org.codehaus.groovy.runtime.callsite.AbstractCallSite.call(AbstractCallSite.java:141)
	at TempTestSuite1540623242408.run(TempTestSuite1540623242408.groovy:36)
	at groovy.lang.GroovyShell.runScriptOrMainOrTestOrRunnable(GroovyShell.java:263)
	at groovy.lang.GroovyShell.run(GroovyShell.java:518)
	at groovy.lang.GroovyShell.run(GroovyShell.java:507)
	at groovy.ui.GroovyMain.processOnce(GroovyMain.java:653)
	at groovy.ui.GroovyMain.run(GroovyMain.java:384)
	at groovy.ui.GroovyMain.process(GroovyMain.java:370)
	at groovy.ui.GroovyMain.processArgs(GroovyMain.java:129)
	at groovy.ui.GroovyMain.main(GroovyMain.java:109)
	at sun.reflect.NativeMethodAccessorImpl.invoke0(Native Method)
	at sun.reflect.NativeMethodAccessorImpl.invoke(NativeMethodAccessorImpl.java:62)
	at sun.reflect.DelegatingMethodAccessorImpl.invoke(DelegatingMethodAccessorImpl.java:43)
	at java.lang.reflect.Method.invoke(Method.java:498)
	at org.codehaus.groovy.tools.GroovyStarter.rootLoader(GroovyStarter.java:109)
	at org.codehaus.groovy.tools.GroovyStarter.main(GroovyStarter.java:131)
)]]></system-err>
   </testsuite>
</testsuites>
